<?xml version="1.0" encoding="UTF-8"?>
<testng-results skipped="0" failed="0" ignored="0" total="1" passed="1">
  <reporter-output>
  </reporter-output>
  <suite name="Suite" duration-ms="5985" started-at="2021-06-17T05:15:17Z" finished-at="2021-06-17T05:15:23Z">
    <groups>
    </groups>
    <test name="Test" duration-ms="5985" started-at="2021-06-17T05:15:17Z" finished-at="2021-06-17T05:15:23Z">
      <class name="mavenforjenkins.UITest">
        <test-method status="PASS" signature="startBrowser(java.lang.String)[pri:0, instance:mavenforjenkins.UITest@400cff1a]" name="startBrowser" duration-ms="5964" started-at="2021-06-17T05:15:17Z" finished-at="2021-06-17T05:15:23Z">
          <params>
            <param index="0">
              <value>
                <![CDATA[Chrome]]>
              </value>
            </param>
          </params>
          <reporter-output>
          </reporter-output>
        </test-method> <!-- startBrowser -->
      </class> <!-- mavenforjenkins.UITest -->
    </test> <!-- Test -->
  </suite> <!-- Suite -->
</testng-results>
