<?xml version="1.0" encoding="UTF-8"?>
<testng-results skipped="0" failed="0" ignored="0" total="1" passed="1">
  <reporter-output>
  </reporter-output>
  <suite name="Suite" duration-ms="29753" started-at="2021-06-16T11:03:43Z" finished-at="2021-06-16T11:04:12Z">
    <groups>
    </groups>
    <test name="Test" duration-ms="29753" started-at="2021-06-16T11:03:43Z" finished-at="2021-06-16T11:04:12Z">
      <class name="mavenforjenkins.UITest">
        <test-method status="PASS" signature="startBrowser()[pri:0, instance:mavenforjenkins.UITest@17c1bced]" name="startBrowser" duration-ms="29733" started-at="2021-06-16T11:03:43Z" finished-at="2021-06-16T11:04:12Z">
          <reporter-output>
          </reporter-output>
        </test-method> <!-- startBrowser -->
      </class> <!-- mavenforjenkins.UITest -->
    </test> <!-- Test -->
  </suite> <!-- Suite -->
</testng-results>
